  [1m[35m (1.9ms)[0m  [1m[34mSELECT pg_try_advisory_lock(5626881010421471430)[0m
  [1m[35m (1.5ms)[0m  [1m[34mSELECT "schema_migrations"."version" FROM "schema_migrations" ORDER BY "schema_migrations"."version" ASC[0m
  [1m[36mActiveRecord::InternalMetadata Load (40.4ms)[0m  [1m[34mSELECT  "ar_internal_metadata".* FROM "ar_internal_metadata" WHERE "ar_internal_metadata"."key" = $1 LIMIT $2[0m  [["key", "environment"], ["LIMIT", 1]]
  [1m[35m (38.8ms)[0m  [1m[35mBEGIN[0m
  [1m[35m (0.1ms)[0m  [1m[35mCOMMIT[0m
  [1m[35m (0.2ms)[0m  [1m[34mSELECT pg_advisory_unlock(5626881010421471430)[0m
  [1m[35m (0.5ms)[0m  [1m[34mSELECT "schema_migrations"."version" FROM "schema_migrations" ORDER BY "schema_migrations"."version" ASC[0m
  [1m[35m (0.8ms)[0m  [1m[34mSELECT "schema_migrations"."version" FROM "schema_migrations" ORDER BY "schema_migrations"."version" ASC[0m
  [1m[35m (0.4ms)[0m  [1m[34mSELECT "ar_internal_metadata"."value" FROM "ar_internal_metadata" WHERE "ar_internal_metadata"."key" = $1[0m  [["key", "environment"]]
  [1m[35m (0.3ms)[0m  [1m[34mSELECT "schema_migrations"."version" FROM "schema_migrations" ORDER BY "schema_migrations"."version" ASC[0m
  [1m[35m (0.2ms)[0m  [1m[34mSELECT "ar_internal_metadata"."value" FROM "ar_internal_metadata" WHERE "ar_internal_metadata"."key" = $1[0m  [["key", "environment"]]
  [1m[35m (0.3ms)[0m  [1m[34mSELECT "schema_migrations"."version" FROM "schema_migrations" ORDER BY "schema_migrations"."version" ASC[0m
  [1m[35m (0.3ms)[0m  [1m[34mSELECT "ar_internal_metadata"."value" FROM "ar_internal_metadata" WHERE "ar_internal_metadata"."key" = $1[0m  [["key", "environment"]]
  [1m[35m (311.5ms)[0m  [1m[35mDROP DATABASE IF EXISTS "plaidfit_dev_api"[0m
  [1m[35m (207.1ms)[0m  [1m[35mDROP DATABASE IF EXISTS "plaidfit_test_api"[0m
  [1m[35m (521.1ms)[0m  [1m[35mCREATE DATABASE "plaidfit_dev_api" ENCODING = 'unicode'[0m
  [1m[35m (398.2ms)[0m  [1m[35mCREATE DATABASE "plaidfit_test_api" ENCODING = 'unicode'[0m
  [1m[35mSQL (1.0ms)[0m  [1m[35mCREATE EXTENSION IF NOT EXISTS "plpgsql"[0m
  [1m[35m (0.7ms)[0m  [1m[35mDROP TABLE IF EXISTS "badges" CASCADE[0m
  [1m[35m (9.2ms)[0m  [1m[35mCREATE TABLE "badges" ("id" bigserial primary key, "badge_name" character varying, "requirements" character varying, "created_at" timestamp NOT NULL, "updated_at" timestamp NOT NULL, "badge_description" character varying)[0m
  [1m[35m (0.3ms)[0m  [1m[35mDROP TABLE IF EXISTS "earned_badges" CASCADE[0m
  [1m[35m (2.3ms)[0m  [1m[35mCREATE TABLE "earned_badges" ("id" bigserial primary key, "badge_id" integer, "user_id" integer, "date_earned" timestamp, "created_at" timestamp NOT NULL, "updated_at" timestamp NOT NULL)[0m
  [1m[35m (0.3ms)[0m  [1m[35mDROP TABLE IF EXISTS "events" CASCADE[0m
  [1m[35m (3.7ms)[0m  [1m[35mCREATE TABLE "events" ("id" bigserial primary key, "user_id" integer, "description" character varying, "event_time" timestamp, "created_at" timestamp NOT NULL, "updated_at" timestamp NOT NULL)[0m
  [1m[35m (0.2ms)[0m  [1m[35mDROP TABLE IF EXISTS "notifications" CASCADE[0m
  [1m[35m (3.0ms)[0m  [1m[35mCREATE TABLE "notifications" ("id" bigserial primary key, "user_id" integer, "receiver_id" integer, "priority" character varying, "message" character varying, "notified_time" timestamp, "created_at" timestamp NOT NULL, "updated_at" timestamp NOT NULL)[0m
  [1m[35m (0.3ms)[0m  [1m[35mDROP TABLE IF EXISTS "player_calculations" CASCADE[0m
  [1m[35m (3.1ms)[0m  [1m[35mCREATE TABLE "player_calculations" ("id" bigserial primary key, "user_id" integer, "season" character varying, "season_rank" integer, "created_at" timestamp NOT NULL, "updated_at" timestamp NOT NULL, "weekly_load" float, "weekly_strain" float, "life_stress_average" float, "academic_stress_average" float, "sleep_quality_average" float, "hydration_quality_average" float, "personal_performance_average" float, "practice_difficulty_average" float, "week_of" timestamp, "monotony" float, "week_to_week_weekly_load_percent_change" float, "sleep_amount_average" float, "hydration_amount_average" float)[0m
  [1m[35m (0.2ms)[0m  [1m[35mDROP TABLE IF EXISTS "practices" CASCADE[0m
  [1m[35m (3.6ms)[0m  [1m[35mCREATE TABLE "practices" ("id" bigserial primary key, "team_id" integer, "duration" integer, "difficulty" integer, "practice_time" timestamp, "created_at" timestamp NOT NULL, "updated_at" timestamp NOT NULL, "session_load" float)[0m
  [1m[35m (0.5ms)[0m  [1m[35mDROP TABLE IF EXISTS "surveys" CASCADE[0m
  [1m[35m (6.3ms)[0m  [1m[35mCREATE TABLE "surveys" ("id" bigserial primary key, "user_id" integer, "survey_type" character varying, "completed_time" timestamp, "season" character varying, "created_at" timestamp NOT NULL, "updated_at" timestamp NOT NULL, "session_load" float, "daily_load" float, "daily_strain" float, "hours_of_sleep" float, "quality_of_sleep" integer, "academic_stress" integer, "life_stress" integer, "soreness" integer, "ounces_of_water_consumed" float, "hydration_quality" boolean, "player_rpe_rating" integer, "player_personal_performance" integer, "participated_in_full_practice" boolean, "minutes_participated" integer, "expected_session_load" float, "practice_id" integer, "weekly_strain" float, "weekly_load" float, "acute_load" float, "chronic_load" float, "a_c_ratio" float, "week_to_week_weekly_load_percent_change" float, "freshness_index" float, "monotony" float)[0m
  [1m[35m (0.3ms)[0m  [1m[35mDROP TABLE IF EXISTS "team_assignments" CASCADE[0m
  [1m[35m (2.0ms)[0m  [1m[35mCREATE TABLE "team_assignments" ("id" bigserial primary key, "team_id" integer, "user_id" integer, "created_at" timestamp NOT NULL, "updated_at" timestamp NOT NULL, "active" boolean, "date_added" timestamp)[0m
  [1m[35m (0.2ms)[0m  [1m[35mDROP TABLE IF EXISTS "team_calculations" CASCADE[0m
  [1m[35m (4.3ms)[0m  [1m[35mCREATE TABLE "team_calculations" ("id" bigserial primary key, "week_of" timestamp, "team_id" integer, "season" character varying, "created_at" timestamp NOT NULL, "updated_at" timestamp NOT NULL, "weekly_load" float, "weekly_strain" float, "season_rank" integer, "life_stress_average" float, "academic_stress_average" float, "sleep_quality_average" float, "hydration_quality_average" float, "practice_difficulty_average" float, "team_monotony" float, "week_to_week_weekly_load_percent_change" float, "sleep_amount_average" float, "hydration_amount_average" float)[0m
  [1m[35m (0.2ms)[0m  [1m[35mDROP TABLE IF EXISTS "teams" CASCADE[0m
  [1m[35m (3.2ms)[0m  [1m[35mCREATE TABLE "teams" ("id" bigserial primary key, "sport" character varying, "gender" character varying, "season" character varying, "active" boolean, "created_at" timestamp NOT NULL, "updated_at" timestamp NOT NULL)[0m
  [1m[35m (0.3ms)[0m  [1m[35mDROP TABLE IF EXISTS "users" CASCADE[0m
  [1m[35m (3.6ms)[0m  [1m[35mCREATE TABLE "users" ("id" bigserial primary key, "first_name" character varying, "last_name" character varying, "andrew_id" character varying, "email" character varying, "major" character varying, "phone" character varying, "role" character varying, "active" boolean DEFAULT 't', "created_at" timestamp NOT NULL, "updated_at" timestamp NOT NULL, "year" character varying, "password_digest" character varying, "api_key" character varying)[0m
  [1m[35m (2.6ms)[0m  [1m[35mCREATE TABLE "schema_migrations" ("version" character varying NOT NULL PRIMARY KEY)[0m
  [1m[35m (0.6ms)[0m  [1m[34mSELECT "schema_migrations"."version" FROM "schema_migrations" ORDER BY "schema_migrations"."version" ASC[0m
  [1m[35m (0.9ms)[0m  [1m[32mINSERT INTO "schema_migrations" (version) VALUES (20180510171121)[0m
  [1m[35m (1.4ms)[0m  [1m[32mINSERT INTO "schema_migrations" (version) VALUES
(20180305004403),
(20180402041228),
(20180305003706),
(20180305004036),
(20180330193639),
(20180330195424),
(20180321163947),
(20180416014129),
(20180308205659),
(20180321163410),
(20180305003548),
(20180402071836),
(20180305003810),
(20180330193957),
(20180330195202),
(20180326025908),
(20180331180721),
(20180331154032),
(20180402213559),
(20180423011711),
(20180510060713),
(20180330194644),
(20180405031631),
(20180402054006),
(20180402213954),
(20180331171551),
(20180305004215),
(20180331162752),
(20180416044451),
(20180406021333),
(20180321160104),
(20180308204903),
(20180405165623),
(20180308213114),
(20180319133348),
(20180331220916),
(20180406013354),
(20180331172315),
(20180330194833),
(20180331221734),
(20180402024151),
(20180321162156),
(20180308210051),
(20180308205950),
(20180308205835),
(20180423021231),
(20180321161531),
(20180331171856);

[0m
  [1m[35m (2.6ms)[0m  [1m[35mCREATE TABLE "ar_internal_metadata" ("key" character varying NOT NULL PRIMARY KEY, "value" character varying, "created_at" timestamp NOT NULL, "updated_at" timestamp NOT NULL)[0m
  [1m[36mActiveRecord::InternalMetadata Load (0.7ms)[0m  [1m[34mSELECT  "ar_internal_metadata".* FROM "ar_internal_metadata" WHERE "ar_internal_metadata"."key" = $1 LIMIT $2[0m  [["key", "environment"], ["LIMIT", 1]]
  [1m[35m (0.1ms)[0m  [1m[35mBEGIN[0m
  [1m[35mSQL (0.6ms)[0m  [1m[32mINSERT INTO "ar_internal_metadata" ("key", "value", "created_at", "updated_at") VALUES ($1, $2, $3, $4) RETURNING "key"[0m  [["key", "environment"], ["value", "development"], ["created_at", "2019-01-03 12:39:25.147519"], ["updated_at", "2019-01-03 12:39:25.147519"]]
  [1m[35m (0.2ms)[0m  [1m[35mCOMMIT[0m
  [1m[36mActiveRecord::InternalMetadata Load (0.2ms)[0m  [1m[34mSELECT  "ar_internal_metadata".* FROM "ar_internal_metadata" WHERE "ar_internal_metadata"."key" = $1 LIMIT $2[0m  [["key", "environment"], ["LIMIT", 1]]
  [1m[35m (0.1ms)[0m  [1m[35mBEGIN[0m
  [1m[35m (0.1ms)[0m  [1m[35mCOMMIT[0m
  [1m[35mSQL (0.4ms)[0m  [1m[35mCREATE EXTENSION IF NOT EXISTS "plpgsql"[0m
  [1m[35m (0.2ms)[0m  [1m[35mDROP TABLE IF EXISTS "badges" CASCADE[0m
  [1m[35m (5.5ms)[0m  [1m[35mCREATE TABLE "badges" ("id" bigserial primary key, "badge_name" character varying, "requirements" character varying, "created_at" timestamp NOT NULL, "updated_at" timestamp NOT NULL, "badge_description" character varying)[0m
  [1m[35m (0.2ms)[0m  [1m[35mDROP TABLE IF EXISTS "earned_badges" CASCADE[0m
  [1m[35m (2.1ms)[0m  [1m[35mCREATE TABLE "earned_badges" ("id" bigserial primary key, "badge_id" integer, "user_id" integer, "date_earned" timestamp, "created_at" timestamp NOT NULL, "updated_at" timestamp NOT NULL)[0m
  [1m[35m (0.2ms)[0m  [1m[35mDROP TABLE IF EXISTS "events" CASCADE[0m
  [1m[35m (3.7ms)[0m  [1m[35mCREATE TABLE "events" ("id" bigserial primary key, "user_id" integer, "description" character varying, "event_time" timestamp, "created_at" timestamp NOT NULL, "updated_at" timestamp NOT NULL)[0m
  [1m[35m (0.6ms)[0m  [1m[35mDROP TABLE IF EXISTS "notifications" CASCADE[0m
  [1m[35m (4.3ms)[0m  [1m[35mCREATE TABLE "notifications" ("id" bigserial primary key, "user_id" integer, "receiver_id" integer, "priority" character varying, "message" character varying, "notified_time" timestamp, "created_at" timestamp NOT NULL, "updated_at" timestamp NOT NULL)[0m
  [1m[35m (0.5ms)[0m  [1m[35mDROP TABLE IF EXISTS "player_calculations" CASCADE[0m
  [1m[35m (3.5ms)[0m  [1m[35mCREATE TABLE "player_calculations" ("id" bigserial primary key, "user_id" integer, "season" character varying, "season_rank" integer, "created_at" timestamp NOT NULL, "updated_at" timestamp NOT NULL, "weekly_load" float, "weekly_strain" float, "life_stress_average" float, "academic_stress_average" float, "sleep_quality_average" float, "hydration_quality_average" float, "personal_performance_average" float, "practice_difficulty_average" float, "week_of" timestamp, "monotony" float, "week_to_week_weekly_load_percent_change" float, "sleep_amount_average" float, "hydration_amount_average" float)[0m
  [1m[35m (0.2ms)[0m  [1m[35mDROP TABLE IF EXISTS "practices" CASCADE[0m
  [1m[35m (3.0ms)[0m  [1m[35mCREATE TABLE "practices" ("id" bigserial primary key, "team_id" integer, "duration" integer, "difficulty" integer, "practice_time" timestamp, "created_at" timestamp NOT NULL, "updated_at" timestamp NOT NULL, "session_load" float)[0m
  [1m[35m (0.3ms)[0m  [1m[35mDROP TABLE IF EXISTS "surveys" CASCADE[0m
  [1m[35m (4.4ms)[0m  [1m[35mCREATE TABLE "surveys" ("id" bigserial primary key, "user_id" integer, "survey_type" character varying, "completed_time" timestamp, "season" character varying, "created_at" timestamp NOT NULL, "updated_at" timestamp NOT NULL, "session_load" float, "daily_load" float, "daily_strain" float, "hours_of_sleep" float, "quality_of_sleep" integer, "academic_stress" integer, "life_stress" integer, "soreness" integer, "ounces_of_water_consumed" float, "hydration_quality" boolean, "player_rpe_rating" integer, "player_personal_performance" integer, "participated_in_full_practice" boolean, "minutes_participated" integer, "expected_session_load" float, "practice_id" integer, "weekly_strain" float, "weekly_load" float, "acute_load" float, "chronic_load" float, "a_c_ratio" float, "week_to_week_weekly_load_percent_change" float, "freshness_index" float, "monotony" float)[0m
  [1m[35m (0.3ms)[0m  [1m[35mDROP TABLE IF EXISTS "team_assignments" CASCADE[0m
  [1m[35m (2.8ms)[0m  [1m[35mCREATE TABLE "team_assignments" ("id" bigserial primary key, "team_id" integer, "user_id" integer, "created_at" timestamp NOT NULL, "updated_at" timestamp NOT NULL, "active" boolean, "date_added" timestamp)[0m
  [1m[35m (0.3ms)[0m  [1m[35mDROP TABLE IF EXISTS "team_calculations" CASCADE[0m
  [1m[35m (4.9ms)[0m  [1m[35mCREATE TABLE "team_calculations" ("id" bigserial primary key, "week_of" timestamp, "team_id" integer, "season" character varying, "created_at" timestamp NOT NULL, "updated_at" timestamp NOT NULL, "weekly_load" float, "weekly_strain" float, "season_rank" integer, "life_stress_average" float, "academic_stress_average" float, "sleep_quality_average" float, "hydration_quality_average" float, "practice_difficulty_average" float, "team_monotony" float, "week_to_week_weekly_load_percent_change" float, "sleep_amount_average" float, "hydration_amount_average" float)[0m
  [1m[35m (0.3ms)[0m  [1m[35mDROP TABLE IF EXISTS "teams" CASCADE[0m
  [1m[35m (3.4ms)[0m  [1m[35mCREATE TABLE "teams" ("id" bigserial primary key, "sport" character varying, "gender" character varying, "season" character varying, "active" boolean, "created_at" timestamp NOT NULL, "updated_at" timestamp NOT NULL)[0m
  [1m[35m (0.3ms)[0m  [1m[35mDROP TABLE IF EXISTS "users" CASCADE[0m
  [1m[35m (4.1ms)[0m  [1m[35mCREATE TABLE "users" ("id" bigserial primary key, "first_name" character varying, "last_name" character varying, "andrew_id" character varying, "email" character varying, "major" character varying, "phone" character varying, "role" character varying, "active" boolean DEFAULT 't', "created_at" timestamp NOT NULL, "updated_at" timestamp NOT NULL, "year" character varying, "password_digest" character varying, "api_key" character varying)[0m
  [1m[35m (2.6ms)[0m  [1m[35mCREATE TABLE "schema_migrations" ("version" character varying NOT NULL PRIMARY KEY)[0m
  [1m[35m (0.8ms)[0m  [1m[34mSELECT "schema_migrations"."version" FROM "schema_migrations" ORDER BY "schema_migrations"."version" ASC[0m
  [1m[35m (0.6ms)[0m  [1m[32mINSERT INTO "schema_migrations" (version) VALUES (20180510171121)[0m
  [1m[35m (1.1ms)[0m  [1m[32mINSERT INTO "schema_migrations" (version) VALUES
(20180305004403),
(20180402041228),
(20180305003706),
(20180305004036),
(20180330193639),
(20180330195424),
(20180321163947),
(20180416014129),
(20180308205659),
(20180321163410),
(20180305003548),
(20180402071836),
(20180305003810),
(20180330193957),
(20180330195202),
(20180326025908),
(20180331180721),
(20180331154032),
(20180402213559),
(20180423011711),
(20180510060713),
(20180330194644),
(20180405031631),
(20180402054006),
(20180402213954),
(20180331171551),
(20180305004215),
(20180331162752),
(20180416044451),
(20180406021333),
(20180321160104),
(20180308204903),
(20180405165623),
(20180308213114),
(20180319133348),
(20180331220916),
(20180406013354),
(20180331172315),
(20180330194833),
(20180331221734),
(20180402024151),
(20180321162156),
(20180308210051),
(20180308205950),
(20180308205835),
(20180423021231),
(20180321161531),
(20180331171856);

[0m
  [1m[35m (2.5ms)[0m  [1m[35mCREATE TABLE "ar_internal_metadata" ("key" character varying NOT NULL PRIMARY KEY, "value" character varying, "created_at" timestamp NOT NULL, "updated_at" timestamp NOT NULL)[0m
  [1m[36mActiveRecord::InternalMetadata Load (0.4ms)[0m  [1m[34mSELECT  "ar_internal_metadata".* FROM "ar_internal_metadata" WHERE "ar_internal_metadata"."key" = $1 LIMIT $2[0m  [["key", "environment"], ["LIMIT", 1]]
  [1m[35m (0.1ms)[0m  [1m[35mBEGIN[0m
  [1m[35mSQL (0.5ms)[0m  [1m[32mINSERT INTO "ar_internal_metadata" ("key", "value", "created_at", "updated_at") VALUES ($1, $2, $3, $4) RETURNING "key"[0m  [["key", "environment"], ["value", "development"], ["created_at", "2019-01-03 12:39:25.284412"], ["updated_at", "2019-01-03 12:39:25.284412"]]
  [1m[35m (0.2ms)[0m  [1m[35mCOMMIT[0m
  [1m[36mActiveRecord::InternalMetadata Load (0.2ms)[0m  [1m[34mSELECT  "ar_internal_metadata".* FROM "ar_internal_metadata" WHERE "ar_internal_metadata"."key" = $1 LIMIT $2[0m  [["key", "environment"], ["LIMIT", 1]]
  [1m[35m (0.1ms)[0m  [1m[35mBEGIN[0m
  [1m[35m (0.1ms)[0m  [1m[35mCOMMIT[0m
  [1m[35m (1.1ms)[0m  [1m[34mSELECT "schema_migrations"."version" FROM "schema_migrations" ORDER BY "schema_migrations"."version" ASC[0m
  [1m[35m (0.3ms)[0m  [1m[34mSELECT pg_try_advisory_lock(5626881010421471430)[0m
  [1m[35m (1.0ms)[0m  [1m[34mSELECT "schema_migrations"."version" FROM "schema_migrations" ORDER BY "schema_migrations"."version" ASC[0m
  [1m[36mActiveRecord::InternalMetadata Load (0.4ms)[0m  [1m[34mSELECT  "ar_internal_metadata".* FROM "ar_internal_metadata" WHERE "ar_internal_metadata"."key" = $1 LIMIT $2[0m  [["key", "environment"], ["LIMIT", 1]]
  [1m[35m (0.1ms)[0m  [1m[35mBEGIN[0m
  [1m[35m (0.1ms)[0m  [1m[35mCOMMIT[0m
  [1m[35m (0.2ms)[0m  [1m[34mSELECT pg_advisory_unlock(5626881010421471430)[0m
  [1m[35m (0.3ms)[0m  [1m[34mSELECT "schema_migrations"."version" FROM "schema_migrations" ORDER BY "schema_migrations"."version" ASC[0m
  [1m[35m (1.4ms)[0m  [1m[34mSELECT pg_try_advisory_lock(5626881010421471430)[0m
  [1m[35m (3.3ms)[0m  [1m[34mSELECT "schema_migrations"."version" FROM "schema_migrations" ORDER BY "schema_migrations"."version" ASC[0m
  [1m[36mActiveRecord::InternalMetadata Load (3.4ms)[0m  [1m[34mSELECT  "ar_internal_metadata".* FROM "ar_internal_metadata" WHERE "ar_internal_metadata"."key" = $1 LIMIT $2[0m  [["key", "environment"], ["LIMIT", 1]]
  [1m[35m (40.0ms)[0m  [1m[35mBEGIN[0m
  [1m[35m (0.2ms)[0m  [1m[35mCOMMIT[0m
  [1m[35m (0.4ms)[0m  [1m[34mSELECT pg_advisory_unlock(5626881010421471430)[0m
  [1m[35m (0.3ms)[0m  [1m[34mSELECT "schema_migrations"."version" FROM "schema_migrations" ORDER BY "schema_migrations"."version" ASC[0m
Started GET "/" for 127.0.0.1 at 2019-04-04 11:46:06 -0400
  [1m[35m (0.7ms)[0m  [1m[34mSELECT "schema_migrations"."version" FROM "schema_migrations" ORDER BY "schema_migrations"."version" ASC[0m
Processing by Rails::WelcomeController#index as HTML
  Rendering /Users/aleclamusr/.rvm/gems/ruby-2.4.2/gems/railties-5.1.4/lib/rails/templates/rails/welcome/index.html.erb
  Rendered /Users/aleclamusr/.rvm/gems/ruby-2.4.2/gems/railties-5.1.4/lib/rails/templates/rails/welcome/index.html.erb (3.3ms)
Completed 200 OK in 14ms (Views: 10.2ms | ActiveRecord: 0.0ms)


Started GET "/favicon.ico" for 127.0.0.1 at 2019-04-04 11:46:07 -0400
  
ActionController::RoutingError (No route matches [GET] "/favicon.ico"):
  
actionpack (5.1.4) lib/action_dispatch/middleware/debug_exceptions.rb:63:in `call'
actionpack (5.1.4) lib/action_dispatch/middleware/show_exceptions.rb:31:in `call'
railties (5.1.4) lib/rails/rack/logger.rb:36:in `call_app'
railties (5.1.4) lib/rails/rack/logger.rb:24:in `block in call'
activesupport (5.1.4) lib/active_support/tagged_logging.rb:69:in `block in tagged'
activesupport (5.1.4) lib/active_support/tagged_logging.rb:26:in `tagged'
activesupport (5.1.4) lib/active_support/tagged_logging.rb:69:in `tagged'
railties (5.1.4) lib/rails/rack/logger.rb:24:in `call'
actionpack (5.1.4) lib/action_dispatch/middleware/remote_ip.rb:79:in `call'
actionpack (5.1.4) lib/action_dispatch/middleware/request_id.rb:25:in `call'
rack (2.0.4) lib/rack/runtime.rb:22:in `call'
activesupport (5.1.4) lib/active_support/cache/strategy/local_cache_middleware.rb:27:in `call'
actionpack (5.1.4) lib/action_dispatch/middleware/executor.rb:12:in `call'
actionpack (5.1.4) lib/action_dispatch/middleware/static.rb:125:in `call'
rack (2.0.4) lib/rack/sendfile.rb:111:in `call'
rack-cors (1.0.2) lib/rack/cors.rb:97:in `call'
railties (5.1.4) lib/rails/engine.rb:522:in `call'
puma (3.11.2) lib/puma/configuration.rb:225:in `call'
puma (3.11.2) lib/puma/server.rb:624:in `handle_request'
puma (3.11.2) lib/puma/server.rb:438:in `process_client'
puma (3.11.2) lib/puma/server.rb:302:in `block in run'
puma (3.11.2) lib/puma/thread_pool.rb:120:in `block in spawn_thread'
Started GET "/api" for 127.0.0.1 at 2019-04-04 11:46:14 -0400
  
ActionController::RoutingError (No route matches [GET] "/api"):
  
actionpack (5.1.4) lib/action_dispatch/middleware/debug_exceptions.rb:63:in `call'
actionpack (5.1.4) lib/action_dispatch/middleware/show_exceptions.rb:31:in `call'
railties (5.1.4) lib/rails/rack/logger.rb:36:in `call_app'
railties (5.1.4) lib/rails/rack/logger.rb:24:in `block in call'
activesupport (5.1.4) lib/active_support/tagged_logging.rb:69:in `block in tagged'
activesupport (5.1.4) lib/active_support/tagged_logging.rb:26:in `tagged'
activesupport (5.1.4) lib/active_support/tagged_logging.rb:69:in `tagged'
railties (5.1.4) lib/rails/rack/logger.rb:24:in `call'
actionpack (5.1.4) lib/action_dispatch/middleware/remote_ip.rb:79:in `call'
actionpack (5.1.4) lib/action_dispatch/middleware/request_id.rb:25:in `call'
rack (2.0.4) lib/rack/runtime.rb:22:in `call'
activesupport (5.1.4) lib/active_support/cache/strategy/local_cache_middleware.rb:27:in `call'
actionpack (5.1.4) lib/action_dispatch/middleware/executor.rb:12:in `call'
actionpack (5.1.4) lib/action_dispatch/middleware/static.rb:125:in `call'
rack (2.0.4) lib/rack/sendfile.rb:111:in `call'
rack-cors (1.0.2) lib/rack/cors.rb:97:in `call'
railties (5.1.4) lib/rails/engine.rb:522:in `call'
puma (3.11.2) lib/puma/configuration.rb:225:in `call'
puma (3.11.2) lib/puma/server.rb:624:in `handle_request'
puma (3.11.2) lib/puma/server.rb:438:in `process_client'
puma (3.11.2) lib/puma/server.rb:302:in `block in run'
puma (3.11.2) lib/puma/thread_pool.rb:120:in `block in spawn_thread'
Started GET "/v1/api" for 127.0.0.1 at 2019-04-04 11:46:26 -0400
  
ActionController::RoutingError (No route matches [GET] "/v1/api"):
  
actionpack (5.1.4) lib/action_dispatch/middleware/debug_exceptions.rb:63:in `call'
actionpack (5.1.4) lib/action_dispatch/middleware/show_exceptions.rb:31:in `call'
railties (5.1.4) lib/rails/rack/logger.rb:36:in `call_app'
railties (5.1.4) lib/rails/rack/logger.rb:24:in `block in call'
activesupport (5.1.4) lib/active_support/tagged_logging.rb:69:in `block in tagged'
activesupport (5.1.4) lib/active_support/tagged_logging.rb:26:in `tagged'
activesupport (5.1.4) lib/active_support/tagged_logging.rb:69:in `tagged'
railties (5.1.4) lib/rails/rack/logger.rb:24:in `call'
actionpack (5.1.4) lib/action_dispatch/middleware/remote_ip.rb:79:in `call'
actionpack (5.1.4) lib/action_dispatch/middleware/request_id.rb:25:in `call'
rack (2.0.4) lib/rack/runtime.rb:22:in `call'
activesupport (5.1.4) lib/active_support/cache/strategy/local_cache_middleware.rb:27:in `call'
actionpack (5.1.4) lib/action_dispatch/middleware/executor.rb:12:in `call'
actionpack (5.1.4) lib/action_dispatch/middleware/static.rb:125:in `call'
rack (2.0.4) lib/rack/sendfile.rb:111:in `call'
rack-cors (1.0.2) lib/rack/cors.rb:97:in `call'
railties (5.1.4) lib/rails/engine.rb:522:in `call'
puma (3.11.2) lib/puma/configuration.rb:225:in `call'
puma (3.11.2) lib/puma/server.rb:624:in `handle_request'
puma (3.11.2) lib/puma/server.rb:438:in `process_client'
puma (3.11.2) lib/puma/server.rb:302:in `block in run'
puma (3.11.2) lib/puma/thread_pool.rb:120:in `block in spawn_thread'
Started GET "/api/v1" for 127.0.0.1 at 2019-04-04 11:46:32 -0400
  
ActionController::RoutingError (No route matches [GET] "/api/v1"):
  
actionpack (5.1.4) lib/action_dispatch/middleware/debug_exceptions.rb:63:in `call'
actionpack (5.1.4) lib/action_dispatch/middleware/show_exceptions.rb:31:in `call'
railties (5.1.4) lib/rails/rack/logger.rb:36:in `call_app'
railties (5.1.4) lib/rails/rack/logger.rb:24:in `block in call'
activesupport (5.1.4) lib/active_support/tagged_logging.rb:69:in `block in tagged'
activesupport (5.1.4) lib/active_support/tagged_logging.rb:26:in `tagged'
activesupport (5.1.4) lib/active_support/tagged_logging.rb:69:in `tagged'
railties (5.1.4) lib/rails/rack/logger.rb:24:in `call'
actionpack (5.1.4) lib/action_dispatch/middleware/remote_ip.rb:79:in `call'
actionpack (5.1.4) lib/action_dispatch/middleware/request_id.rb:25:in `call'
rack (2.0.4) lib/rack/runtime.rb:22:in `call'
activesupport (5.1.4) lib/active_support/cache/strategy/local_cache_middleware.rb:27:in `call'
actionpack (5.1.4) lib/action_dispatch/middleware/executor.rb:12:in `call'
actionpack (5.1.4) lib/action_dispatch/middleware/static.rb:125:in `call'
rack (2.0.4) lib/rack/sendfile.rb:111:in `call'
rack-cors (1.0.2) lib/rack/cors.rb:97:in `call'
railties (5.1.4) lib/rails/engine.rb:522:in `call'
puma (3.11.2) lib/puma/configuration.rb:225:in `call'
puma (3.11.2) lib/puma/server.rb:624:in `handle_request'
puma (3.11.2) lib/puma/server.rb:438:in `process_client'
puma (3.11.2) lib/puma/server.rb:302:in `block in run'
puma (3.11.2) lib/puma/thread_pool.rb:120:in `block in spawn_thread'
Started GET "/" for 127.0.0.1 at 2019-04-04 11:47:12 -0400
  [1m[35m (0.7ms)[0m  [1m[34mSELECT "schema_migrations"."version" FROM "schema_migrations" ORDER BY "schema_migrations"."version" ASC[0m
Processing by Rails::WelcomeController#index as HTML
  Rendering /Users/aleclamusr/.rvm/gems/ruby-2.4.2/gems/railties-5.1.4/lib/rails/templates/rails/welcome/index.html.erb
  Rendered /Users/aleclamusr/.rvm/gems/ruby-2.4.2/gems/railties-5.1.4/lib/rails/templates/rails/welcome/index.html.erb (2.9ms)
Completed 200 OK in 10ms (Views: 7.4ms | ActiveRecord: 0.0ms)


Started GET "/api" for 127.0.0.1 at 2019-04-04 11:47:15 -0400
  
ActionController::RoutingError (No route matches [GET] "/api"):
  
actionpack (5.1.4) lib/action_dispatch/middleware/debug_exceptions.rb:63:in `call'
actionpack (5.1.4) lib/action_dispatch/middleware/show_exceptions.rb:31:in `call'
railties (5.1.4) lib/rails/rack/logger.rb:36:in `call_app'
railties (5.1.4) lib/rails/rack/logger.rb:24:in `block in call'
activesupport (5.1.4) lib/active_support/tagged_logging.rb:69:in `block in tagged'
activesupport (5.1.4) lib/active_support/tagged_logging.rb:26:in `tagged'
activesupport (5.1.4) lib/active_support/tagged_logging.rb:69:in `tagged'
railties (5.1.4) lib/rails/rack/logger.rb:24:in `call'
actionpack (5.1.4) lib/action_dispatch/middleware/remote_ip.rb:79:in `call'
actionpack (5.1.4) lib/action_dispatch/middleware/request_id.rb:25:in `call'
rack (2.0.4) lib/rack/runtime.rb:22:in `call'
activesupport (5.1.4) lib/active_support/cache/strategy/local_cache_middleware.rb:27:in `call'
actionpack (5.1.4) lib/action_dispatch/middleware/executor.rb:12:in `call'
actionpack (5.1.4) lib/action_dispatch/middleware/static.rb:125:in `call'
rack (2.0.4) lib/rack/sendfile.rb:111:in `call'
rack-cors (1.0.2) lib/rack/cors.rb:97:in `call'
railties (5.1.4) lib/rails/engine.rb:522:in `call'
puma (3.11.2) lib/puma/configuration.rb:225:in `call'
puma (3.11.2) lib/puma/server.rb:624:in `handle_request'
puma (3.11.2) lib/puma/server.rb:438:in `process_client'
puma (3.11.2) lib/puma/server.rb:302:in `block in run'
puma (3.11.2) lib/puma/thread_pool.rb:120:in `block in spawn_thread'
Started GET "/v1/badges" for 127.0.0.1 at 2019-04-04 11:47:25 -0400
Processing by Api::V1::BadgesController#index as HTML
[active_model_serializers] Rendered ActiveModel::Serializer::Null with Hash (0.14ms)
Filter chain halted as :authenticate rendered or redirected
Completed 401 Unauthorized in 5ms (Views: 4.2ms | ActiveRecord: 0.0ms)


Started GET "/api" for 127.0.0.1 at 2019-04-04 11:47:36 -0400
  
ActionController::RoutingError (No route matches [GET] "/api"):
  
actionpack (5.1.4) lib/action_dispatch/middleware/debug_exceptions.rb:63:in `call'
actionpack (5.1.4) lib/action_dispatch/middleware/show_exceptions.rb:31:in `call'
railties (5.1.4) lib/rails/rack/logger.rb:36:in `call_app'
railties (5.1.4) lib/rails/rack/logger.rb:24:in `block in call'
activesupport (5.1.4) lib/active_support/tagged_logging.rb:69:in `block in tagged'
activesupport (5.1.4) lib/active_support/tagged_logging.rb:26:in `tagged'
activesupport (5.1.4) lib/active_support/tagged_logging.rb:69:in `tagged'
railties (5.1.4) lib/rails/rack/logger.rb:24:in `call'
actionpack (5.1.4) lib/action_dispatch/middleware/remote_ip.rb:79:in `call'
actionpack (5.1.4) lib/action_dispatch/middleware/request_id.rb:25:in `call'
rack (2.0.4) lib/rack/runtime.rb:22:in `call'
activesupport (5.1.4) lib/active_support/cache/strategy/local_cache_middleware.rb:27:in `call'
actionpack (5.1.4) lib/action_dispatch/middleware/executor.rb:12:in `call'
actionpack (5.1.4) lib/action_dispatch/middleware/static.rb:125:in `call'
rack (2.0.4) lib/rack/sendfile.rb:111:in `call'
rack-cors (1.0.2) lib/rack/cors.rb:97:in `call'
railties (5.1.4) lib/rails/engine.rb:522:in `call'
puma (3.11.2) lib/puma/configuration.rb:225:in `call'
puma (3.11.2) lib/puma/server.rb:624:in `handle_request'
puma (3.11.2) lib/puma/server.rb:438:in `process_client'
puma (3.11.2) lib/puma/server.rb:302:in `block in run'
puma (3.11.2) lib/puma/thread_pool.rb:120:in `block in spawn_thread'
Started GET "/api/" for 127.0.0.1 at 2019-04-04 11:47:38 -0400
  
ActionController::RoutingError (No route matches [GET] "/api"):
  
actionpack (5.1.4) lib/action_dispatch/middleware/debug_exceptions.rb:63:in `call'
actionpack (5.1.4) lib/action_dispatch/middleware/show_exceptions.rb:31:in `call'
railties (5.1.4) lib/rails/rack/logger.rb:36:in `call_app'
railties (5.1.4) lib/rails/rack/logger.rb:24:in `block in call'
activesupport (5.1.4) lib/active_support/tagged_logging.rb:69:in `block in tagged'
activesupport (5.1.4) lib/active_support/tagged_logging.rb:26:in `tagged'
activesupport (5.1.4) lib/active_support/tagged_logging.rb:69:in `tagged'
railties (5.1.4) lib/rails/rack/logger.rb:24:in `call'
actionpack (5.1.4) lib/action_dispatch/middleware/remote_ip.rb:79:in `call'
actionpack (5.1.4) lib/action_dispatch/middleware/request_id.rb:25:in `call'
rack (2.0.4) lib/rack/runtime.rb:22:in `call'
activesupport (5.1.4) lib/active_support/cache/strategy/local_cache_middleware.rb:27:in `call'
actionpack (5.1.4) lib/action_dispatch/middleware/executor.rb:12:in `call'
actionpack (5.1.4) lib/action_dispatch/middleware/static.rb:125:in `call'
rack (2.0.4) lib/rack/sendfile.rb:111:in `call'
rack-cors (1.0.2) lib/rack/cors.rb:97:in `call'
railties (5.1.4) lib/rails/engine.rb:522:in `call'
puma (3.11.2) lib/puma/configuration.rb:225:in `call'
puma (3.11.2) lib/puma/server.rb:624:in `handle_request'
puma (3.11.2) lib/puma/server.rb:438:in `process_client'
puma (3.11.2) lib/puma/server.rb:302:in `block in run'
puma (3.11.2) lib/puma/thread_pool.rb:120:in `block in spawn_thread'
Started GET "/v1/api/" for 127.0.0.1 at 2019-04-04 11:47:41 -0400
  
ActionController::RoutingError (No route matches [GET] "/v1/api"):
  
actionpack (5.1.4) lib/action_dispatch/middleware/debug_exceptions.rb:63:in `call'
actionpack (5.1.4) lib/action_dispatch/middleware/show_exceptions.rb:31:in `call'
railties (5.1.4) lib/rails/rack/logger.rb:36:in `call_app'
railties (5.1.4) lib/rails/rack/logger.rb:24:in `block in call'
activesupport (5.1.4) lib/active_support/tagged_logging.rb:69:in `block in tagged'
activesupport (5.1.4) lib/active_support/tagged_logging.rb:26:in `tagged'
activesupport (5.1.4) lib/active_support/tagged_logging.rb:69:in `tagged'
railties (5.1.4) lib/rails/rack/logger.rb:24:in `call'
actionpack (5.1.4) lib/action_dispatch/middleware/remote_ip.rb:79:in `call'
actionpack (5.1.4) lib/action_dispatch/middleware/request_id.rb:25:in `call'
rack (2.0.4) lib/rack/runtime.rb:22:in `call'
activesupport (5.1.4) lib/active_support/cache/strategy/local_cache_middleware.rb:27:in `call'
actionpack (5.1.4) lib/action_dispatch/middleware/executor.rb:12:in `call'
actionpack (5.1.4) lib/action_dispatch/middleware/static.rb:125:in `call'
rack (2.0.4) lib/rack/sendfile.rb:111:in `call'
rack-cors (1.0.2) lib/rack/cors.rb:97:in `call'
railties (5.1.4) lib/rails/engine.rb:522:in `call'
puma (3.11.2) lib/puma/configuration.rb:225:in `call'
puma (3.11.2) lib/puma/server.rb:624:in `handle_request'
puma (3.11.2) lib/puma/server.rb:438:in `process_client'
puma (3.11.2) lib/puma/server.rb:302:in `block in run'
puma (3.11.2) lib/puma/thread_pool.rb:120:in `block in spawn_thread'
Started GET "/token" for 127.0.0.1 at 2019-04-04 11:47:52 -0400
  
ActionController::RoutingError (No route matches [GET] "/token"):
  
actionpack (5.1.4) lib/action_dispatch/middleware/debug_exceptions.rb:63:in `call'
actionpack (5.1.4) lib/action_dispatch/middleware/show_exceptions.rb:31:in `call'
railties (5.1.4) lib/rails/rack/logger.rb:36:in `call_app'
railties (5.1.4) lib/rails/rack/logger.rb:24:in `block in call'
activesupport (5.1.4) lib/active_support/tagged_logging.rb:69:in `block in tagged'
activesupport (5.1.4) lib/active_support/tagged_logging.rb:26:in `tagged'
activesupport (5.1.4) lib/active_support/tagged_logging.rb:69:in `tagged'
railties (5.1.4) lib/rails/rack/logger.rb:24:in `call'
actionpack (5.1.4) lib/action_dispatch/middleware/remote_ip.rb:79:in `call'
actionpack (5.1.4) lib/action_dispatch/middleware/request_id.rb:25:in `call'
rack (2.0.4) lib/rack/runtime.rb:22:in `call'
activesupport (5.1.4) lib/active_support/cache/strategy/local_cache_middleware.rb:27:in `call'
actionpack (5.1.4) lib/action_dispatch/middleware/executor.rb:12:in `call'
actionpack (5.1.4) lib/action_dispatch/middleware/static.rb:125:in `call'
rack (2.0.4) lib/rack/sendfile.rb:111:in `call'
rack-cors (1.0.2) lib/rack/cors.rb:97:in `call'
railties (5.1.4) lib/rails/engine.rb:522:in `call'
puma (3.11.2) lib/puma/configuration.rb:225:in `call'
puma (3.11.2) lib/puma/server.rb:624:in `handle_request'
puma (3.11.2) lib/puma/server.rb:438:in `process_client'
puma (3.11.2) lib/puma/server.rb:302:in `block in run'
puma (3.11.2) lib/puma/thread_pool.rb:120:in `block in spawn_thread'
Started GET "/v1/api" for 127.0.0.1 at 2019-04-04 11:48:01 -0400
  
ActionController::RoutingError (No route matches [GET] "/v1/api"):
  
actionpack (5.1.4) lib/action_dispatch/middleware/debug_exceptions.rb:63:in `call'
actionpack (5.1.4) lib/action_dispatch/middleware/show_exceptions.rb:31:in `call'
railties (5.1.4) lib/rails/rack/logger.rb:36:in `call_app'
railties (5.1.4) lib/rails/rack/logger.rb:24:in `block in call'
activesupport (5.1.4) lib/active_support/tagged_logging.rb:69:in `block in tagged'
activesupport (5.1.4) lib/active_support/tagged_logging.rb:26:in `tagged'
activesupport (5.1.4) lib/active_support/tagged_logging.rb:69:in `tagged'
railties (5.1.4) lib/rails/rack/logger.rb:24:in `call'
actionpack (5.1.4) lib/action_dispatch/middleware/remote_ip.rb:79:in `call'
actionpack (5.1.4) lib/action_dispatch/middleware/request_id.rb:25:in `call'
rack (2.0.4) lib/rack/runtime.rb:22:in `call'
activesupport (5.1.4) lib/active_support/cache/strategy/local_cache_middleware.rb:27:in `call'
actionpack (5.1.4) lib/action_dispatch/middleware/executor.rb:12:in `call'
actionpack (5.1.4) lib/action_dispatch/middleware/static.rb:125:in `call'
rack (2.0.4) lib/rack/sendfile.rb:111:in `call'
rack-cors (1.0.2) lib/rack/cors.rb:97:in `call'
railties (5.1.4) lib/rails/engine.rb:522:in `call'
puma (3.11.2) lib/puma/configuration.rb:225:in `call'
puma (3.11.2) lib/puma/server.rb:624:in `handle_request'
puma (3.11.2) lib/puma/server.rb:438:in `process_client'
puma (3.11.2) lib/puma/server.rb:302:in `block in run'
puma (3.11.2) lib/puma/thread_pool.rb:120:in `block in spawn_thread'
Started GET "/v1/token" for 127.0.0.1 at 2019-04-04 11:48:02 -0400
Processing by Api::V1::ApplicationController#token as HTML
Completed 401 Unauthorized in 0ms (ActiveRecord: 0.0ms)


Started GET "/v1/token" for 127.0.0.1 at 2019-04-04 11:48:12 -0400
Processing by Api::V1::ApplicationController#token as HTML
  [1m[36mUser Load (45.2ms)[0m  [1m[34mSELECT  "users".* FROM "users" WHERE "users"."email" = $1 LIMIT $2[0m  [["email", "alec"], ["LIMIT", 1]]
Completed 401 Unauthorized in 66ms (ActiveRecord: 47.6ms)


  [1m[36mUser Load (0.4ms)[0m  [1m[34mSELECT  "users".* FROM "users" LIMIT $1[0m  [["LIMIT", 11]]
Started GET "/v1/token" for 127.0.0.1 at 2019-04-04 11:48:42 -0400
Processing by Api::V1::ApplicationController#token as HTML
Completed 401 Unauthorized in 0ms (ActiveRecord: 0.0ms)


Started GET "/v1/token" for 127.0.0.1 at 2019-04-04 11:48:47 -0400
Processing by Api::V1::ApplicationController#token as HTML
  [1m[36mUser Load (0.3ms)[0m  [1m[34mSELECT  "users".* FROM "users" WHERE "users"."email" = $1 LIMIT $2[0m  [["email", "ahlam"], ["LIMIT", 1]]
Completed 401 Unauthorized in 1ms (ActiveRecord: 0.3ms)


Started GET "/v1/token" for 127.0.0.1 at 2019-04-04 11:48:52 -0400
Processing by Api::V1::ApplicationController#token as HTML
  [1m[36mUser Load (0.5ms)[0m  [1m[34mSELECT  "users".* FROM "users" WHERE "users"."email" = $1 LIMIT $2[0m  [["email", "ahlam"], ["LIMIT", 1]]
Completed 401 Unauthorized in 2ms (ActiveRecord: 0.5ms)


  [1m[36mUser Load (2.8ms)[0m  [1m[34mSELECT  "users".* FROM "users" ORDER BY "users"."id" ASC LIMIT $1[0m  [["LIMIT", 1]]
  [1m[36mUser Load (0.7ms)[0m  [1m[34mSELECT  "users".* FROM "users" ORDER BY "users"."id" ASC LIMIT $1[0m  [["LIMIT", 1]]
  [1m[36mUser Load (0.8ms)[0m  [1m[34mSELECT "users".* FROM "users"[0m
  [1m[35m (0.2ms)[0m  [1m[35mBEGIN[0m
  [1m[36mUser Exists (1.2ms)[0m  [1m[34mSELECT  1 AS one FROM "users" WHERE "users"."andrew_id" = $1 AND ("users"."id" != $2) LIMIT $3[0m  [["andrew_id", "ahlam"], ["id", 1], ["LIMIT", 1]]
  [1m[36mUser Exists (0.3ms)[0m  [1m[34mSELECT  1 AS one FROM "users" WHERE "users"."email" = $1 AND ("users"."id" != $2) LIMIT $3[0m  [["email", "ahlam@andrew.cmu.edu"], ["id", 1], ["LIMIT", 1]]
  [1m[36mUser Exists (0.3ms)[0m  [1m[34mSELECT  1 AS one FROM "users" WHERE "users"."api_key" = $1 AND ("users"."id" != $2) LIMIT $3[0m  [["api_key", "9323d273d690c8f50f0d22679bd2c01b"], ["id", 1], ["LIMIT", 1]]
  [1m[35mSQL (52.1ms)[0m  [1m[33mUPDATE "users" SET "password_digest" = $1, "updated_at" = $2 WHERE "users"."id" = $3[0m  [["password_digest", "$2a$10$FEgGaNY/hCRriU6v9LI0CecpmjnBSYuZpVWHXZG1zzYg0yFfJK7EO"], ["updated_at", "2019-04-04 11:51:02.058216"], ["id", 1]]
  [1m[35m (2.8ms)[0m  [1m[35mCOMMIT[0m
  [1m[35m (0.2ms)[0m  [1m[35mBEGIN[0m
  [1m[36mUser Exists (1.1ms)[0m  [1m[34mSELECT  1 AS one FROM "users" WHERE "users"."andrew_id" = $1 AND ("users"."id" != $2) LIMIT $3[0m  [["andrew_id", "ahlam"], ["id", 1], ["LIMIT", 1]]
  [1m[36mUser Exists (0.3ms)[0m  [1m[34mSELECT  1 AS one FROM "users" WHERE "users"."email" = $1 AND ("users"."id" != $2) LIMIT $3[0m  [["email", "ahlam@andrew.cmu.edu"], ["id", 1], ["LIMIT", 1]]
  [1m[36mUser Exists (0.3ms)[0m  [1m[34mSELECT  1 AS one FROM "users" WHERE "users"."api_key" = $1 AND ("users"."id" != $2) LIMIT $3[0m  [["api_key", "9323d273d690c8f50f0d22679bd2c01b"], ["id", 1], ["LIMIT", 1]]
  [1m[35m (0.1ms)[0m  [1m[35mCOMMIT[0m
Started GET "/v1/token" for 127.0.0.1 at 2019-04-04 11:51:07 -0400
Processing by Api::V1::ApplicationController#token as HTML
Completed 401 Unauthorized in 0ms (ActiveRecord: 0.0ms)


Started GET "/v1/token" for 127.0.0.1 at 2019-04-04 11:51:10 -0400
Processing by Api::V1::ApplicationController#token as HTML
  [1m[36mUser Load (0.3ms)[0m  [1m[34mSELECT  "users".* FROM "users" WHERE "users"."email" = $1 LIMIT $2[0m  [["email", "ahlam"], ["LIMIT", 1]]
Completed 401 Unauthorized in 3ms (ActiveRecord: 0.3ms)


Started GET "/v1/token" for 127.0.0.1 at 2019-04-04 11:51:21 -0400
Processing by Api::V1::ApplicationController#token as HTML
  [1m[36mUser Load (0.4ms)[0m  [1m[34mSELECT  "users".* FROM "users" WHERE "users"."email" = $1 LIMIT $2[0m  [["email", "ahlam@andrew.cmu.edu"], ["LIMIT", 1]]
[active_model_serializers]   [1m[36mSurvey Load (82.6ms)[0m  [1m[34mSELECT "surveys".* FROM "surveys" WHERE "surveys"."user_id" = $1 AND (survey_type == 'Daily Wellness') AND (completed_time BETWEEN '2019-04-04 00:00:00' AND '2019-04-04 23:59:59')[0m  [["user_id", 1]]
[active_model_serializers] Rendered Api::V1::UserSerializer with ActiveModelSerializers::Adapter::Attributes (119.05ms)
Completed 500 Internal Server Error in 222ms (ActiveRecord: 89.6ms)


  
ActiveRecord::StatementInvalid (PG::UndefinedFunction: ERROR:  operator does not exist: character varying == unknown
LINE 1: ..." WHERE "surveys"."user_id" = $1 AND (survey_type == 'Daily ...
                                                             ^
HINT:  No operator matches the given name and argument type(s). You might need to add explicit type casts.
: SELECT "surveys".* FROM "surveys" WHERE "surveys"."user_id" = $1 AND (survey_type == 'Daily Wellness') AND (completed_time BETWEEN '2019-04-04 00:00:00' AND '2019-04-04 23:59:59')):
  
app/serializers/api/v1/user_serializer.rb:22:in `map'
app/serializers/api/v1/user_serializer.rb:22:in `daily_wellness_survey_today_objects'
app/controllers/api/v1/application_controller.rb:66:in `block in authenticate_username_password'
app/controllers/api/v1/application_controller.rb:63:in `authenticate_username_password'
app/controllers/api/v1/application_controller.rb:57:in `token'
Started GET "/v1/token" for 127.0.0.1 at 2019-04-04 11:53:51 -0400
  [1m[35m (0.8ms)[0m  [1m[34mSELECT "schema_migrations"."version" FROM "schema_migrations" ORDER BY "schema_migrations"."version" ASC[0m
Processing by Api::V1::ApplicationController#token as HTML
  [1m[36mUser Load (0.5ms)[0m  [1m[34mSELECT  "users".* FROM "users" WHERE "users"."email" = $1 LIMIT $2[0m  [["email", "ahlam@andrew.cmu.edu"], ["LIMIT", 1]]
[active_model_serializers]   [1m[36mSurvey Load (46.1ms)[0m  [1m[34mSELECT "surveys".* FROM "surveys" WHERE "surveys"."user_id" = $1 AND (survey_type = 'Daily Wellness') AND (completed_time BETWEEN '2019-04-04 00:00:00' AND '2019-04-04 23:59:59')[0m  [["user_id", 1]]
[active_model_serializers]   [1m[36mSurvey Exists (0.4ms)[0m  [1m[34mSELECT  1 AS one FROM "surveys" WHERE (user_id = 1) AND (survey_type = 'Post-Practice') AND (completed_time BETWEEN '2019-04-04 00:00:00' AND '2019-04-04 23:59:59') LIMIT $1[0m  [["LIMIT", 1]]
[active_model_serializers]   [1m[36mSurvey Exists (0.5ms)[0m  [1m[34mSELECT  1 AS one FROM "surveys" WHERE (user_id = 1) AND (survey_type = 'Daily Wellness') AND (completed_time BETWEEN '2019-04-04 00:00:00' AND '2019-04-04 23:59:59') LIMIT $1[0m  [["LIMIT", 1]]
[active_model_serializers]   [1m[36mSurvey Load (0.6ms)[0m  [1m[34mSELECT "surveys".* FROM "surveys" WHERE "surveys"."user_id" = $1 AND (survey_type = 'Post-Practice') AND (completed_time BETWEEN '2019-04-03 00:00:00' AND '2019-04-03 23:59:59')[0m  [["user_id", 1]]
[active_model_serializers]   [1m[36mSurvey Load (0.4ms)[0m  [1m[34mSELECT "surveys".* FROM "surveys" WHERE "surveys"."user_id" = $1 AND (survey_type = 'Daily Wellness') AND (completed_time BETWEEN '2019-03-29 00:00:00' AND '2019-04-04 23:59:59')[0m  [["user_id", 1]]
[active_model_serializers]   [1m[36mSurvey Load (0.3ms)[0m  [1m[34mSELECT "surveys".* FROM "surveys" WHERE "surveys"."user_id" = $1 AND (survey_type = 'Post-Practice') AND (completed_time BETWEEN '2019-03-29 00:00:00' AND '2019-04-04 23:59:59')[0m  [["user_id", 1]]
[active_model_serializers]   [1m[36mUser Load (0.3ms)[0m  [1m[34mSELECT  "users".* FROM "users" WHERE "users"."id" = $1 LIMIT $2[0m  [["id", 1], ["LIMIT", 1]]
[active_model_serializers]   [1m[36mSurvey Load (41.6ms)[0m  [1m[34mSELECT  "surveys".* FROM "surveys" WHERE (user_id = 1) AND (survey_type = 'Post-Practice') ORDER BY "surveys"."completed_time" ASC LIMIT $1[0m  [["LIMIT", 1]]
[active_model_serializers]   [1m[36mSurvey Load (1.0ms)[0m  [1m[34mSELECT  "surveys".* FROM "surveys" WHERE (user_id = 1) AND (survey_type = 'Daily Wellness') ORDER BY "surveys"."completed_time" ASC LIMIT $1[0m  [["LIMIT", 1]]
[active_model_serializers]   [1m[36mPlayerCalculation Load (44.7ms)[0m  [1m[34mSELECT "player_calculations".* FROM "player_calculations" WHERE "player_calculations"."user_id" = $1[0m  [["user_id", 1]]
[active_model_serializers]   [1m[36mEvent Load (1.2ms)[0m  [1m[34mSELECT "events".* FROM "events" WHERE "events"."user_id" = $1[0m  [["user_id", 1]]
[active_model_serializers]   [1m[36mEarnedBadge Load (0.6ms)[0m  [1m[34mSELECT "earned_badges".* FROM "earned_badges" WHERE "earned_badges"."user_id" = $1[0m  [["user_id", 1]]
[active_model_serializers]   [1m[36mNotification Load (0.6ms)[0m  [1m[34mSELECT "notifications".* FROM "notifications" WHERE "notifications"."user_id" = $1[0m  [["user_id", 1]]
[active_model_serializers]   [1m[36mTeamAssignment Load (0.9ms)[0m  [1m[34mSELECT "team_assignments".* FROM "team_assignments" WHERE "team_assignments"."user_id" = $1[0m  [["user_id", 1]]
[active_model_serializers]   [1m[36mTeam Load (44.5ms)[0m  [1m[34mSELECT "teams".* FROM "teams" INNER JOIN "team_assignments" ON "teams"."id" = "team_assignments"."team_id" WHERE "team_assignments"."user_id" = $1[0m  [["user_id", 1]]
[active_model_serializers] Rendered Api::V1::UserSerializer with ActiveModelSerializers::Adapter::Attributes (276.69ms)
Completed 200 OK in 388ms (Views: 102.2ms | ActiveRecord: 206.5ms)


Started GET "/v1/token" for 127.0.0.1 at 2019-04-04 11:53:56 -0400
Processing by Api::V1::ApplicationController#token as HTML
  [1m[36mUser Load (0.3ms)[0m  [1m[34mSELECT  "users".* FROM "users" WHERE "users"."email" = $1 LIMIT $2[0m  [["email", "ahlam@andrew.cmu.edu"], ["LIMIT", 1]]
[active_model_serializers]   [1m[36mSurvey Load (0.5ms)[0m  [1m[34mSELECT "surveys".* FROM "surveys" WHERE "surveys"."user_id" = $1 AND (survey_type = 'Daily Wellness') AND (completed_time BETWEEN '2019-04-04 00:00:00' AND '2019-04-04 23:59:59')[0m  [["user_id", 1]]
[active_model_serializers]   [1m[36mSurvey Exists (1.0ms)[0m  [1m[34mSELECT  1 AS one FROM "surveys" WHERE (user_id = 1) AND (survey_type = 'Post-Practice') AND (completed_time BETWEEN '2019-04-04 00:00:00' AND '2019-04-04 23:59:59') LIMIT $1[0m  [["LIMIT", 1]]
[active_model_serializers]   [1m[36mSurvey Exists (0.5ms)[0m  [1m[34mSELECT  1 AS one FROM "surveys" WHERE (user_id = 1) AND (survey_type = 'Daily Wellness') AND (completed_time BETWEEN '2019-04-04 00:00:00' AND '2019-04-04 23:59:59') LIMIT $1[0m  [["LIMIT", 1]]
[active_model_serializers]   [1m[36mSurvey Load (0.4ms)[0m  [1m[34mSELECT "surveys".* FROM "surveys" WHERE "surveys"."user_id" = $1 AND (survey_type = 'Post-Practice') AND (completed_time BETWEEN '2019-04-03 00:00:00' AND '2019-04-03 23:59:59')[0m  [["user_id", 1]]
[active_model_serializers]   [1m[36mSurvey Load (0.4ms)[0m  [1m[34mSELECT "surveys".* FROM "surveys" WHERE "surveys"."user_id" = $1 AND (survey_type = 'Daily Wellness') AND (completed_time BETWEEN '2019-03-29 00:00:00' AND '2019-04-04 23:59:59')[0m  [["user_id", 1]]
[active_model_serializers]   [1m[36mSurvey Load (0.3ms)[0m  [1m[34mSELECT "surveys".* FROM "surveys" WHERE "surveys"."user_id" = $1 AND (survey_type = 'Post-Practice') AND (completed_time BETWEEN '2019-03-29 00:00:00' AND '2019-04-04 23:59:59')[0m  [["user_id", 1]]
[active_model_serializers]   [1m[36mUser Load (0.3ms)[0m  [1m[34mSELECT  "users".* FROM "users" WHERE "users"."id" = $1 LIMIT $2[0m  [["id", 1], ["LIMIT", 1]]
[active_model_serializers]   [1m[36mSurvey Load (0.4ms)[0m  [1m[34mSELECT  "surveys".* FROM "surveys" WHERE (user_id = 1) AND (survey_type = 'Post-Practice') ORDER BY "surveys"."completed_time" ASC LIMIT $1[0m  [["LIMIT", 1]]
[active_model_serializers]   [1m[36mSurvey Load (0.4ms)[0m  [1m[34mSELECT  "surveys".* FROM "surveys" WHERE (user_id = 1) AND (survey_type = 'Daily Wellness') ORDER BY "surveys"."completed_time" ASC LIMIT $1[0m  [["LIMIT", 1]]
[active_model_serializers]   [1m[36mPlayerCalculation Load (0.3ms)[0m  [1m[34mSELECT "player_calculations".* FROM "player_calculations" WHERE "player_calculations"."user_id" = $1[0m  [["user_id", 1]]
[active_model_serializers]   [1m[36mEvent Load (0.3ms)[0m  [1m[34mSELECT "events".* FROM "events" WHERE "events"."user_id" = $1[0m  [["user_id", 1]]
[active_model_serializers]   [1m[36mEarnedBadge Load (0.3ms)[0m  [1m[34mSELECT "earned_badges".* FROM "earned_badges" WHERE "earned_badges"."user_id" = $1[0m  [["user_id", 1]]
[active_model_serializers]   [1m[36mNotification Load (0.3ms)[0m  [1m[34mSELECT "notifications".* FROM "notifications" WHERE "notifications"."user_id" = $1[0m  [["user_id", 1]]
[active_model_serializers]   [1m[36mTeamAssignment Load (0.3ms)[0m  [1m[34mSELECT "team_assignments".* FROM "team_assignments" WHERE "team_assignments"."user_id" = $1[0m  [["user_id", 1]]
[active_model_serializers]   [1m[36mTeam Load (0.4ms)[0m  [1m[34mSELECT "teams".* FROM "teams" INNER JOIN "team_assignments" ON "teams"."id" = "team_assignments"."team_id" WHERE "team_assignments"."user_id" = $1[0m  [["user_id", 1]]
[active_model_serializers] Rendered Api::V1::UserSerializer with ActiveModelSerializers::Adapter::Attributes (22.31ms)
Completed 200 OK in 80ms (Views: 16.9ms | ActiveRecord: 6.3ms)


